[INFO] [launch]: All log files can be found below /home/lxy/.ros/log/2026-05-18-13-49-13-738577-lxy-CV15S-23837
[INFO] [launch]: Default logging verbosity is set to INFO
[INFO] [vo-1]: process started with pid [23840]
[INFO] [static_transform_publisher-2]: process started with pid [23841]
[static_transform_publisher-2] [WARN] [1779083353.831457616] []: Old-style arguments are deprecated; see --help for new-style arguments
[static_transform_publisher-2] [INFO] [1779083353.852937397] [world_to_cam_tf]: Spinning until stopped - publishing transform
[static_transform_publisher-2] translation: ('0.000000', '0.000000', '0.000000')
[static_transform_publisher-2] rotation: ('0.000000', '0.000000', '0.000000', '1.000000')
[static_transform_publisher-2] from 'world' to 'camera'
[vo-1] [INFO] [1779083354.022460879] [asr_sdm_svo]: Found parameter: publish_markers, value: 1
[vo-1] [INFO] [1779083354.022928533] [asr_sdm_svo]: Found parameter: publish_dense_input, value: 0
[vo-1] [INFO] [1779083354.022946852] [asr_sdm_svo]: Found parameter: enable_visualization, value: 1
[vo-1] [INFO] [1779083354.022962229] [asr_sdm_svo]: Found parameter: accept_console_user_input, value: 1
[vo-1] [INFO] [1779083354.023164548] [asr_sdm_svo]: Found parameter: dataset_name, value: 
[vo-1] [INFO] [1779083354.023176617] [asr_sdm_svo]: Found parameter: cam_model, value: Pinhole
[vo-1] [INFO] [1779083354.023182330] [asr_sdm_svo]: Found parameter: cam_model, value: Pinhole
[vo-1] [INFO] [1779083354.023216504] [asr_sdm_svo]: Found parameter: cam_d3, value: 0.000778261
[vo-1] [INFO] [1779083354.023230331] [asr_sdm_svo]: Found parameter: cam_d2, value: 0.000895882
[vo-1] [INFO] [1779083354.023242345] [asr_sdm_svo]: Found parameter: cam_d1, value: 0.0666741
[vo-1] [INFO] [1779083354.023253388] [asr_sdm_svo]: Found parameter: cam_d0, value: -0.283076
[vo-1] [INFO] [1779083354.023268084] [asr_sdm_svo]: Found parameter: cam_cy, value: 240.076
[vo-1] [INFO] [1779083354.023281447] [asr_sdm_svo]: Found parameter: cam_cx, value: 348.805
[vo-1] [INFO] [1779083354.023295810] [asr_sdm_svo]: Found parameter: cam_fy, value: 414.284
[vo-1] [INFO] [1779083354.023305113] [asr_sdm_svo]: Found parameter: cam_fx, value: 414.536
[vo-1] [INFO] [1779083354.023321317] [asr_sdm_svo]: Found parameter: cam_height, value: 480
[vo-1] [INFO] [1779083354.023332553] [asr_sdm_svo]: Found parameter: cam_width, value: 752
[vo-1] [INFO] [1779083354.029417490] [asr_sdm_svo]: Created 'Pinhole' camera model
[vo-1] [INFO] [1779083354.029823106] [asr_sdm_svo]: Found parameter: grid_size, value: 30
[vo-1] [INFO] [1779083354.029866451] [asr_sdm_svo]: Found parameter: max_fts, value: 120
[vo-1] [INFO] [1779083354.029917626] [asr_sdm_svo]: Found parameter: triang_min_corner_score, value: 10
[vo-1] [INFO] [1779083354.029938321] [asr_sdm_svo]: Found parameter: n_pyr_levels, value: 4
[vo-1] [INFO] [1779083354.029957724] [asr_sdm_svo]: Found parameter: fast_type, value: 10
[vo-1] [INFO] [1779083354.029978008] [asr_sdm_svo]: Found parameter: reproj_thresh, value: 2
[vo-1] [INFO] [1779083354.029998017] [asr_sdm_svo]: Found parameter: poseoptim_thresh, value: 2
[vo-1] [INFO] [1779083354.030018431] [asr_sdm_svo]: Found parameter: quality_min_fts, value: 20
[vo-1] [INFO] [1779083354.030035326] [asr_sdm_svo]: Found parameter: quality_max_drop_fts, value: 40
[vo-1] [INFO] [1779083354.030053881] [asr_sdm_svo]: Found parameter: kfselect_mindist, value: 0.08
[vo-1] [INFO] [1779083354.030070117] [asr_sdm_svo]: Found parameter: max_n_kfs, value: 10
[vo-1] [INFO] [1779083354.030085978] [asr_sdm_svo]: Found parameter: map_scale, value: 1
[vo-1] [INFO] [1779083354.030103869] [asr_sdm_svo]: Found parameter: init_min_disparity, value: 30
[vo-1] [INFO] [1779083354.030119808] [asr_sdm_svo]: Found parameter: init_min_tracked, value: 40
[vo-1] [INFO] [1779083354.030135417] [asr_sdm_svo]: Found parameter: init_min_inliers, value: 30
[vo-1] [INFO] [1779083354.030151805] [asr_sdm_svo]: Found parameter: patch_match_thresh_factor, value: 1.5
[vo-1] [INFO] [1779083354.030167114] [asr_sdm_svo]: Found parameter: klt_min_level, value: 2
[vo-1] [INFO] [1779083354.030182970] [asr_sdm_svo]: Found parameter: klt_max_level, value: 4
[vo-1] [INFO] [1779083354.030201512] [asr_sdm_svo]: Found parameter: subpix_n_iter, value: 20
[vo-1] [INFO] [1779083354.030217574] [asr_sdm_svo]: Found parameter: max_epi_search_steps, value: 15000
[vo-1] [INFO] [1779083354.030237431] [asr_sdm_svo]: Found parameter: enable_frame_throttle, value: 0
[vo-1] [INFO] [1779083354.030257667] [asr_sdm_svo]: Found parameter: target_fps, value: 15
[vo-1] [INFO] [1779083354.030277656] [asr_sdm_svo]: Found parameter: use_imu, value: 0
[vo-1] [INFO] [1779083354.032268996] [svo]: SVO initialized
[vo-1] [INFO] [1779083354.032668704] [asr_sdm_svo]: Found parameter: publish_img_pyr_level, value: 0
[vo-1] [INFO] [1779083354.032721648] [asr_sdm_svo]: Found parameter: publish_every_nth_img, value: 1
[vo-1] [INFO] [1779083354.032741244] [asr_sdm_svo]: Found parameter: publish_every_nth_dense_input, value: 4
[vo-1] [INFO] [1779083354.032767533] [asr_sdm_svo]: Found parameter: publish_world_in_cam_frame, value: 1
[vo-1] [INFO] [1779083354.032785169] [asr_sdm_svo]: Found parameter: publish_map_every_frame, value: 0
[vo-1] [INFO] [1779083354.032863065] [asr_sdm_svo]: Found parameter: publish_point_display_time, value: 0
[vo-1] [INFO] [1779083354.058304238] [asr_sdm_svo]: Found parameter: init_tz, value: 0
[vo-1] [INFO] [1779083354.058448349] [asr_sdm_svo]: Found parameter: init_ty, value: 0
[vo-1] [INFO] [1779083354.058462332] [asr_sdm_svo]: Found parameter: init_tx, value: 0
[vo-1] [INFO] [1779083354.058475060] [asr_sdm_svo]: Found parameter: init_rz, value: 0
[vo-1] [INFO] [1779083354.058485673] [asr_sdm_svo]: Found parameter: init_ry, value: 0
[vo-1] [INFO] [1779083354.058500541] [asr_sdm_svo]: Found parameter: init_rx, value: 3.14
[vo-1] [INFO] [1779083354.059280571] [asr_sdm_svo]: Found parameter: cam_topic, value: /camera/image_raw
[vo-1] [INFO] [1779083354.059546506] [asr_sdm_svo]: Subscribing to camera: /camera/image_raw
[vo-1] [INFO] [1779083354.059554725] [asr_sdm_svo]: SVO node ready
[vo-1] [INFO] [1779083354.059699935] [asr_sdm_svo]: SVO processing loop started
